<?xml version="1.0" encoding="UTF-8"?>
<testng-results ignored="32" total="33" passed="1" failed="0" skipped="0">
  <reporter-output>
  </reporter-output>
  <suite started-at="2021-06-01T11:13:05 IST" name="Default suite" finished-at="2021-06-01T11:13:39 IST" duration-ms="34328">
    <groups>
    </groups>
    <test started-at="2021-06-01T11:13:05 IST" name="Default test" finished-at="2021-06-01T11:13:39 IST" duration-ms="34328">
      <class name="seleniumbasic.Selenium">
        <test-method is-config="true" signature="setUp()[pri:0, instance:seleniumbasic.Selenium@1eb5174b]" started-at="2021-06-01T11:13:05 IST" name="setUp" finished-at="2021-06-01T11:13:21 IST" duration-ms="16485" status="PASS">
          <reporter-output>
          </reporter-output>
        </test-method> <!-- setUp -->
        <test-method signature="loginTest()[pri:0, instance:seleniumbasic.Selenium@1eb5174b]" started-at="2021-06-01T11:13:21 IST" name="loginTest" finished-at="2021-06-01T11:13:39 IST" duration-ms="17791" status="PASS">
          <reporter-output>
          </reporter-output>
        </test-method> <!-- loginTest -->
        <test-method is-config="true" signature="tearDown()[pri:0, instance:seleniumbasic.Selenium@1eb5174b]" started-at="2021-06-01T11:13:39 IST" name="tearDown" finished-at="2021-06-01T11:13:39 IST" duration-ms="0" status="PASS">
          <reporter-output>
          </reporter-output>
        </test-method> <!-- tearDown -->
      </class> <!-- seleniumbasic.Selenium -->
    </test> <!-- Default test -->
  </suite> <!-- Default suite -->
</testng-results>
