<?xml version="1.0" encoding="UTF-8"?>
<!-- Generated by org.testng.reporters.JUnitXMLReporter -->
<testsuite ignored="32" hostname="Merin" failures="0" tests="1" name="Default test" time="34.328" errors="0" timestamp="2021-06-01T11:13:41 IST">
  <testcase classname="seleniumbasic.Selenium" name="loginTest" time="17.791"/>
  <testcase classname="seleniumbasic.Selenium" name="handlingDropdown" time="0.0">
    <ignored/>
  </testcase> <!-- handlingDropdown -->
  <testcase classname="seleniumbasic.Selenium" name="newWindow" time="0.0">
    <ignored/>
  </testcase> <!-- newWindow -->
  <testcase classname="seleniumbasic.Selenium" name="alertHw3" time="0.0">
    <ignored/>
  </testcase> <!-- alertHw3 -->
  <testcase classname="seleniumbasic.Selenium" name="handlingAlert" time="0.0">
    <ignored/>
  </testcase> <!-- handlingAlert -->
  <testcase classname="seleniumbasic.Selenium" name="fileUpload" time="0.0">
    <ignored/>
  </testcase> <!-- fileUpload -->
  <testcase classname="seleniumbasic.Selenium" name="alertHw1" time="0.0">
    <ignored/>
  </testcase> <!-- alertHw1 -->
  <testcase classname="seleniumbasic.Selenium" name="dragAndDrop" time="0.0">
    <ignored/>
  </testcase> <!-- dragAndDrop -->
  <testcase classname="seleniumbasic.Selenium" name="howManyDropdown" time="0.0">
    <ignored/>
  </testcase> <!-- howManyDropdown -->
  <testcase classname="seleniumbasic.Selenium" name="alertHw2" time="0.0">
    <ignored/>
  </testcase> <!-- alertHw2 -->
  <testcase classname="seleniumbasic.Selenium" name="dropdownhw" time="0.0">
    <ignored/>
  </testcase> <!-- dropdownhw -->
  <testcase classname="seleniumbasic.Selenium" name="handleTablerow5Hw" time="0.0">
    <ignored/>
  </testcase> <!-- handleTablerow5Hw -->
  <testcase classname="seleniumbasic.Selenium" name="navigationCommands" time="0.0">
    <ignored/>
  </testcase> <!-- navigationCommands -->
  <testcase classname="seleniumbasic.Selenium" name="doubleclick" time="0.0">
    <ignored/>
  </testcase> <!-- doubleclick -->
  <testcase classname="seleniumbasic.Selenium" name="newWMessage" time="0.0">
    <ignored/>
  </testcase> <!-- newWMessage -->
  <testcase classname="seleniumbasic.Selenium" name="handlingFrames" time="0.0">
    <ignored/>
  </testcase> <!-- handlingFrames -->
  <testcase classname="seleniumbasic.Selenium" name="handleTableRowHw" time="0.0">
    <ignored/>
  </testcase> <!-- handleTableRowHw -->
  <testcase classname="seleniumbasic.Selenium" name="verifyPageTitle" time="0.0">
    <ignored/>
  </testcase> <!-- verifyPageTitle -->
  <testcase classname="seleniumbasic.Selenium" name="windowHandles" time="0.0">
    <ignored/>
  </testcase> <!-- windowHandles -->
  <testcase classname="seleniumbasic.Selenium" name="verifyLogin" time="0.0">
    <ignored/>
  </testcase> <!-- verifyLogin -->
  <testcase classname="seleniumbasic.Selenium" name="tableHW" time="0.0">
    <ignored/>
  </testcase> <!-- tableHW -->
  <testcase classname="seleniumbasic.Selenium" name="newTab" time="0.0">
    <ignored/>
  </testcase> <!-- newTab -->
  <testcase classname="seleniumbasic.Selenium" name="mouseOver" time="0.0">
    <ignored/>
  </testcase> <!-- mouseOver -->
  <testcase classname="seleniumbasic.Selenium" name="scrollingToView" time="0.0">
    <ignored/>
  </testcase> <!-- scrollingToView -->
  <testcase classname="seleniumbasic.Selenium" name="formHw" time="0.0">
    <ignored/>
  </testcase> <!-- formHw -->
  <testcase classname="seleniumbasic.Selenium" name="verifyTableHeader" time="0.0">
    <ignored/>
  </testcase> <!-- verifyTableHeader -->
  <testcase classname="seleniumbasic.Selenium" name="dragAndDropByOffset" time="0.0">
    <ignored/>
  </testcase> <!-- dragAndDropByOffset -->
  <testcase classname="seleniumbasic.Selenium" name="rightClick" time="0.0">
    <ignored/>
  </testcase> <!-- rightClick -->
  <testcase classname="seleniumbasic.Selenium" name="mouseOverHw" time="0.0">
    <ignored/>
  </testcase> <!-- mouseOverHw -->
  <testcase classname="seleniumbasic.Selenium" name="javascriptExecutor" time="0.0">
    <ignored/>
  </testcase> <!-- javascriptExecutor -->
  <testcase classname="seleniumbasic.Selenium" name="Robotclass" time="0.0">
    <ignored/>
  </testcase> <!-- Robotclass -->
  <testcase classname="seleniumbasic.Selenium" name="softAssert" time="0.0">
    <ignored/>
  </testcase> <!-- softAssert -->
  <testcase classname="seleniumbasic.Selenium" name="verifyrRegisterButtonEnableOrNot" time="0.0">
    <ignored/>
  </testcase> <!-- verifyrRegisterButtonEnableOrNot -->
</testsuite> <!-- Default test -->
